2025-05-06 21:56:46,648 [INFO] Activator:176 - 


2025-05-06 21:56:46,650 [INFO] Activator:177 - !SESSION log4j initialized
2025-05-06 21:56:49,815 [INFO] LogOutputStream:77 - [STDOUT_REDIRECT] 
2025-05-06 21:57:08,484 [INFO] ApplicationProperties:184 - Using Application install path: D:\software\ICT\STM32CubeIDE_1.15.1\STM32CubeIDE\plugins\com.st.stm32cube.common.mx_6.11.1.202404110753
2025-05-06 21:57:08,505 [INFO] DbMcusXml:78 - Set database path to: D:\software\ICT\STM32CubeIDE_1.15.1\STM32CubeIDE\plugins\com.st.stm32cube.common.mx_6.11.1.202404110753\\db\/mcu/
2025-05-06 21:57:08,505 [INFO] ApiDb:274 - Set plugin database path to: D:\software\ICT\STM32CubeIDE_1.15.1\STM32CubeIDE\plugins\com.st.stm32cube.common.mx_6.11.1.202404110753\\db\/plugins/boardmanager/
2025-05-06 21:57:08,507 [WARN] ApiDb:259 - Overriding images path with different value:  => D:\software\ICT\STM32CubeIDE_1.15.1\STM32CubeIDE\plugins\com.st.stm32cube.common.mx_6.11.1.202404110753\\db\/plugins/mcufinder/images/
2025-05-06 21:57:08,515 [INFO] ApiDb:250 - Set database path to: C:\Users\30985\.stmcufinder\plugins\mcufinder//mcu/
2025-05-06 21:57:08,517 [INFO] DbMcusAds:125 - Set database path to: C:\Users\30985\.stmcufinder\plugins\mcufinder//mcu/
2025-05-06 21:57:08,540 [INFO] CrossReferenceDbSqlite:203 - Set database path to: C:\Users\30985\.stmcufinder\plugins\mcufinder//mcu/cs/
2025-05-06 21:57:08,706 [INFO] RulesReader:64 - Compatibility file has been processed (297 Rules)
2025-05-06 21:57:08,826 [INFO] DbMcusXml:78 - Set database path to: D:\software\ICT\STM32CubeIDE_1.15.1\STM32CubeIDE\plugins\com.st.stm32cube.common.mx_6.11.1.202404110753\\db\/mcu/
2025-05-06 21:57:08,826 [INFO] ApiDb:274 - Set plugin database path to: D:\software\ICT\STM32CubeIDE_1.15.1\STM32CubeIDE\plugins\com.st.stm32cube.common.mx_6.11.1.202404110753\\db\/plugins/boardmanager/
2025-05-06 21:57:08,826 [INFO] ApiDb:261 - Set plugin images path to: D:\software\ICT\STM32CubeIDE_1.15.1\STM32CubeIDE\plugins\com.st.stm32cube.common.mx_6.11.1.202404110753\\db\/plugins/mcufinder/images/
2025-05-06 21:57:08,827 [WARN] DbFile:41 - Overriding database path with different value: C:\Users\30985\.stmcufinder\plugins\mcufinder/ => C:\Users\30985\.stmcufinder\plugins\mcufinder
2025-05-06 21:57:08,827 [INFO] ApiDb:250 - Set database path to: C:\Users\30985\.stmcufinder\plugins\mcufinder//mcu/
2025-05-06 21:57:08,827 [WARN] DbFile:41 - Overriding database path with different value: C:\Users\30985\.stmcufinder\plugins\mcufinder/ => C:\Users\30985\.stmcufinder\plugins\mcufinder
2025-05-06 21:57:08,827 [INFO] DbMcusAds:125 - Set database path to: C:\Users\30985\.stmcufinder\plugins\mcufinder//mcu/
2025-05-06 21:57:08,828 [WARN] DbFile:41 - Overriding database path with different value: C:\Users\30985\.stmcufinder\plugins\mcufinder/ => C:\Users\30985\.stmcufinder\plugins\mcufinder
2025-05-06 21:57:08,828 [WARN] DbFile:41 - Overriding database path with different value: C:\Users\30985\.stmcufinder\plugins\mcufinder/ => C:\Users\30985\.stmcufinder\plugins\mcufinder
2025-05-06 21:57:08,828 [INFO] CrossReferenceDbSqlite:203 - Set database path to: C:\Users\30985\.stmcufinder\plugins\mcufinder//mcu/cs/
2025-05-06 21:57:08,923 [INFO] MainPanel:264 - HeapMemory: 268435456
2025-05-06 21:57:09,021 [INFO] DbMcusXml:78 - Set database path to: D:\software\ICT\STM32CubeIDE_1.15.1\STM32CubeIDE\plugins\com.st.stm32cube.common.mx_6.11.1.202404110753\\db\/mcu/
2025-05-06 21:57:09,021 [INFO] ApiDb:274 - Set plugin database path to: D:\software\ICT\STM32CubeIDE_1.15.1\STM32CubeIDE\plugins\com.st.stm32cube.common.mx_6.11.1.202404110753\\db\/plugins/boardmanager/
2025-05-06 21:57:09,022 [INFO] ApiDb:261 - Set plugin images path to: D:\software\ICT\STM32CubeIDE_1.15.1\STM32CubeIDE\plugins\com.st.stm32cube.common.mx_6.11.1.202404110753\\db\/plugins/mcufinder/images/
2025-05-06 21:57:09,022 [WARN] DbFile:41 - Overriding database path with different value: C:\Users\30985\.stmcufinder\plugins\mcufinder/ => C:\Users\30985\.stmcufinder\plugins\mcufinder
2025-05-06 21:57:09,023 [INFO] ApiDb:250 - Set database path to: C:\Users\30985\.stmcufinder\plugins\mcufinder//mcu/
2025-05-06 21:57:09,023 [WARN] DbFile:41 - Overriding database path with different value: C:\Users\30985\.stmcufinder\plugins\mcufinder/ => C:\Users\30985\.stmcufinder\plugins\mcufinder
2025-05-06 21:57:09,023 [INFO] DbMcusAds:125 - Set database path to: C:\Users\30985\.stmcufinder\plugins\mcufinder//mcu/
2025-05-06 21:57:09,023 [WARN] DbFile:41 - Overriding database path with different value: C:\Users\30985\.stmcufinder\plugins\mcufinder/ => C:\Users\30985\.stmcufinder\plugins\mcufinder
2025-05-06 21:57:09,023 [WARN] DbFile:41 - Overriding database path with different value: C:\Users\30985\.stmcufinder\plugins\mcufinder/ => C:\Users\30985\.stmcufinder\plugins\mcufinder
2025-05-06 21:57:09,023 [INFO] CrossReferenceDbSqlite:203 - Set database path to: C:\Users\30985\.stmcufinder\plugins\mcufinder//mcu/cs/
2025-05-06 21:57:09,044 [INFO] ApplicationProperties:184 - Using Application install path: D:\software\ICT\STM32CubeIDE_1.15.1\STM32CubeIDE\plugins\com.st.stm32cube.common.mx_6.11.1.202404110753
2025-05-06 21:57:09,046 [INFO] PluginManage:196 - Search for loadable plugins [exclusion list=, ]
2025-05-06 21:57:09,048 [INFO] PluginManage:310 - Check plugin analytics
2025-05-06 21:57:09,286 [INFO] AnalyticsPlugin:253 - Accepted Software Licenses: 
2025-05-06 21:57:09,287 [INFO] AnalyticsPlugin:255 - Accepted CMSIS Pack Licenses: 
2025-05-06 21:57:09,287 [INFO] AnalyticsPlugin:257 - Accepted Firmware Licenses: 
2025-05-06 21:57:09,290 [INFO] PluginManage:359 - Loaded plugin analytics (category:tool,tabindex:-1)
2025-05-06 21:57:09,291 [INFO] PluginManage:310 - Check plugin cadmodel
2025-05-06 21:57:09,297 [INFO] CADModel:105 - Init CAD model plugin
2025-05-06 21:57:09,297 [INFO] PluginManage:359 - Loaded plugin cadmodel (category:power,tabindex:5)
2025-05-06 21:57:09,297 [INFO] PluginManage:310 - Check plugin clock
2025-05-06 21:57:09,308 [INFO] PluginManage:359 - Loaded plugin clock (category:base,tabindex:2)
2025-05-06 21:57:09,309 [INFO] PluginManage:310 - Check plugin ddr
2025-05-06 21:57:09,311 [INFO] PluginManage:359 - Loaded plugin ddr (category:tool,tabindex:6)
2025-05-06 21:57:09,311 [INFO] PluginManage:310 - Check plugin filemanager
2025-05-06 21:57:09,504 [INFO] PluginManage:359 - Loaded plugin filemanager (category:base,tabindex:10)
2025-05-06 21:57:09,504 [INFO] PluginManage:310 - Check plugin ipmanager
2025-05-06 21:57:09,515 [INFO] PluginManage:359 - Loaded plugin ipmanager (category:base,tabindex:5)
2025-05-06 21:57:09,516 [INFO] PluginManage:310 - Check plugin lpbam
2025-05-06 21:57:09,530 [INFO] PluginManage:359 - Loaded plugin lpbam (category:base,tabindex:0)
2025-05-06 21:57:09,530 [INFO] PluginManage:310 - Check plugin memorymap
2025-05-06 21:57:09,548 [INFO] PluginManage:359 - Loaded plugin memorymap (category:base,tabindex:4)
2025-05-06 21:57:09,548 [INFO] PluginManage:310 - Check plugin pinoutandconfiguration
2025-05-06 21:57:09,560 [INFO] PluginManage:359 - Loaded plugin pinoutandconfiguration (category:base,tabindex:1)
2025-05-06 21:57:09,560 [INFO] PluginManage:310 - Check plugin pinoutconfig
2025-05-06 21:57:09,693 [WARN] SupportedApi:132 - Cannot load RTOS API schema: s4s-elt-must-match.1: The content of 'definitions' must match (annotation?, (simpleType | complexType)?, (unique | key | keyref)*)). A problem was found starting at: attribute.
2025-05-06 21:57:09,837 [INFO] PluginManage:359 - Loaded plugin pinoutconfig (category:base,tabindex:0)
2025-05-06 21:57:09,837 [INFO] PluginManage:310 - Check plugin power
2025-05-06 21:57:09,845 [INFO] PluginManage:359 - Loaded plugin power (category:power,tabindex:4)
2025-05-06 21:57:09,845 [INFO] PluginManage:310 - Check plugin projectmanager
2025-05-06 21:57:09,861 [INFO] PluginManage:359 - Loaded plugin projectmanager (category:projectmanager,tabindex:3)
2025-05-06 21:57:09,861 [INFO] PluginManage:310 - Check plugin thirdparty
2025-05-06 21:57:09,969 [WARN] IntegrityCheckThread:84 - waiting for thirdparty lock release [integrity check]
2025-05-06 21:57:09,970 [INFO] PluginManage:359 - Loaded plugin thirdparty (category:base,tabindex:-1)
2025-05-06 21:57:09,970 [INFO] IntegrityCheckThread:86 - entering critical section [integrity check]
2025-05-06 21:57:09,970 [INFO] PluginManage:310 - Check plugin tools
2025-05-06 21:57:09,971 [INFO] ThirdPartyUpdaterWithRetryManager:70 - Updater plugin not ready yet. [1/15]
2025-05-06 21:57:09,974 [INFO] PluginManage:359 - Loaded plugin tools (category:base,tabindex:7)
2025-05-06 21:57:09,975 [INFO] PluginManage:310 - Check plugin tutovideos
2025-05-06 21:57:10,122 [INFO] PluginManage:359 - Loaded plugin tutovideos (category:base,tabindex:-1)
2025-05-06 21:57:10,122 [INFO] PluginManage:310 - Check plugin updater
2025-05-06 21:57:10,132 [INFO] PluginManage:359 - Loaded plugin updater (category:base,tabindex:12)
2025-05-06 21:57:10,132 [INFO] PluginManage:310 - Check plugin userauth
2025-05-06 21:57:10,137 [INFO] UserAuth:114 - Init User Auth plugin
2025-05-06 21:57:10,137 [INFO] PluginManage:359 - Loaded plugin userauth (category:base,tabindex:14)
2025-05-06 21:57:10,137 [INFO] PluginManage:283 - PluginManage : Loaded plugins [17]
2025-05-06 21:57:10,342 [INFO] PinOutPanel:1561 - setPackage(No Configuration,No Configuration)
2025-05-06 21:57:10,425 [INFO] CADModel:165 - CPN selected for project level
2025-05-06 21:57:10,425 [INFO] CADModel:114 - Register for checkConnection events
2025-05-06 21:57:10,439 [INFO] IPUIPlugin:80 - create IPUIPlugin
2025-05-06 21:57:10,439 [INFO] PluginManager:220 - loadIPPluginJar : add adc
2025-05-06 21:57:10,441 [INFO] IPUIPlugin:80 - create IPUIPlugin
2025-05-06 21:57:10,441 [INFO] PluginManager:220 - loadIPPluginJar : add aes
2025-05-06 21:57:10,446 [INFO] IPUIPlugin:80 - create IPUIPlugin
2025-05-06 21:57:10,447 [INFO] PluginManager:220 - loadIPPluginJar : add can
2025-05-06 21:57:10,449 [INFO] IPUIPlugin:80 - create IPUIPlugin
2025-05-06 21:57:10,450 [INFO] PluginManager:220 - loadIPPluginJar : add comp
2025-05-06 21:57:10,453 [INFO] IPUIPlugin:80 - create IPUIPlugin
2025-05-06 21:57:10,453 [INFO] PluginManager:220 - loadIPPluginJar : add cryp
2025-05-06 21:57:10,456 [INFO] IPUIPlugin:80 - create IPUIPlugin
2025-05-06 21:57:10,456 [INFO] PluginManager:220 - loadIPPluginJar : add dfsdm
2025-05-06 21:57:10,464 [INFO] IPUIPlugin:80 - create IPUIPlugin
2025-05-06 21:57:10,464 [INFO] PluginManager:220 - loadIPPluginJar : add dma
2025-05-06 21:57:10,467 [INFO] IPUIPlugin:80 - create IPUIPlugin
2025-05-06 21:57:10,467 [INFO] PluginManager:220 - loadIPPluginJar : add dma3
2025-05-06 21:57:10,469 [INFO] IPUIPlugin:80 - create IPUIPlugin
2025-05-06 21:57:10,469 [INFO] PluginManager:220 - loadIPPluginJar : add extmemmanager
2025-05-06 21:57:10,471 [INFO] IPUIPlugin:80 - create IPUIPlugin
2025-05-06 21:57:10,471 [INFO] PluginManager:220 - loadIPPluginJar : add fatfs
2025-05-06 21:57:10,475 [INFO] IPUIPlugin:80 - create IPUIPlugin
2025-05-06 21:57:10,475 [INFO] PluginManager:220 - loadIPPluginJar : add fmc
2025-05-06 21:57:10,480 [INFO] IPUIPlugin:80 - create IPUIPlugin
2025-05-06 21:57:10,480 [INFO] PluginManager:220 - loadIPPluginJar : add freertos
2025-05-06 21:57:10,481 [INFO] IPUIPlugin:80 - create IPUIPlugin
2025-05-06 21:57:10,481 [INFO] PluginManager:220 - loadIPPluginJar : add genericplugin
2025-05-06 21:57:10,483 [INFO] IPUIPlugin:80 - create IPUIPlugin
2025-05-06 21:57:10,483 [INFO] PluginManager:220 - loadIPPluginJar : add gfxmmu
2025-05-06 21:57:10,487 [INFO] IPUIPlugin:80 - create IPUIPlugin
2025-05-06 21:57:10,487 [INFO] PluginManager:220 - loadIPPluginJar : add gic
2025-05-06 21:57:10,491 [INFO] IPUIPlugin:80 - create IPUIPlugin
2025-05-06 21:57:10,492 [INFO] PluginManager:220 - loadIPPluginJar : add gpio
2025-05-06 21:57:10,494 [INFO] IPUIPlugin:80 - create IPUIPlugin
2025-05-06 21:57:10,494 [INFO] PluginManager:220 - loadIPPluginJar : add gtzc
2025-05-06 21:57:10,496 [INFO] IPUIPlugin:80 - create IPUIPlugin
2025-05-06 21:57:10,496 [INFO] PluginManager:220 - loadIPPluginJar : add hash
2025-05-06 21:57:10,498 [INFO] IPUIPlugin:80 - create IPUIPlugin
2025-05-06 21:57:10,498 [INFO] PluginManager:220 - loadIPPluginJar : add i2c
2025-05-06 21:57:10,500 [INFO] IPUIPlugin:80 - create IPUIPlugin
2025-05-06 21:57:10,500 [INFO] PluginManager:220 - loadIPPluginJar : add i2s
2025-05-06 21:57:10,502 [INFO] IPUIPlugin:80 - create IPUIPlugin
2025-05-06 21:57:10,502 [INFO] PluginManager:220 - loadIPPluginJar : add i3c
2025-05-06 21:57:10,504 [INFO] IPUIPlugin:80 - create IPUIPlugin
2025-05-06 21:57:10,505 [INFO] PluginManager:220 - loadIPPluginJar : add ipddr
2025-05-06 21:57:10,510 [INFO] IPUIPlugin:80 - create IPUIPlugin
2025-05-06 21:57:10,510 [INFO] PluginManager:220 - loadIPPluginJar : add linkedlist
2025-05-06 21:57:10,513 [INFO] IPUIPlugin:80 - create IPUIPlugin
2025-05-06 21:57:10,513 [INFO] PluginManager:220 - loadIPPluginJar : add lorawan
2025-05-06 21:57:10,515 [INFO] IPUIPlugin:80 - create IPUIPlugin
2025-05-06 21:57:10,515 [INFO] PluginManager:220 - loadIPPluginJar : add ltdc
2025-05-06 21:57:10,522 [INFO] IPUIPlugin:80 - create IPUIPlugin
2025-05-06 21:57:10,522 [INFO] PluginManager:220 - loadIPPluginJar : add mdma
2025-05-06 21:57:10,525 [INFO] IPUIPlugin:80 - create IPUIPlugin
2025-05-06 21:57:10,526 [INFO] PluginManager:220 - loadIPPluginJar : add nvic
2025-05-06 21:57:10,528 [INFO] IPUIPlugin:80 - create IPUIPlugin
2025-05-06 21:57:10,528 [INFO] PluginManager:220 - loadIPPluginJar : add opamp
2025-05-06 21:57:10,532 [INFO] IPUIPlugin:80 - create IPUIPlugin
2025-05-06 21:57:10,532 [INFO] PluginManager:220 - loadIPPluginJar : add openamp
2025-05-06 21:57:10,535 [INFO] IPUIPlugin:80 - create IPUIPlugin
2025-05-06 21:57:10,535 [INFO] PluginManager:220 - loadIPPluginJar : add pdm2pcm
2025-05-06 21:57:10,541 [INFO] IPUIPlugin:80 - create IPUIPlugin
2025-05-06 21:57:10,544 [INFO] PluginManager:220 - loadIPPluginJar : add plateformsettings
2025-05-06 21:57:10,545 [INFO] IPUIPlugin:80 - create IPUIPlugin
2025-05-06 21:57:10,546 [INFO] PluginManager:220 - loadIPPluginJar : add quadspi
2025-05-06 21:57:10,549 [INFO] IPUIPlugin:80 - create IPUIPlugin
2025-05-06 21:57:10,550 [INFO] PluginManager:220 - loadIPPluginJar : add resmgrutility
2025-05-06 21:57:10,552 [INFO] IPUIPlugin:80 - create IPUIPlugin
2025-05-06 21:57:10,553 [INFO] PluginManager:220 - loadIPPluginJar : add sai
2025-05-06 21:57:10,555 [INFO] IPUIPlugin:80 - create IPUIPlugin
2025-05-06 21:57:10,555 [INFO] PluginManager:220 - loadIPPluginJar : add spi
2025-05-06 21:57:10,560 [INFO] IPUIPlugin:80 - create IPUIPlugin
2025-05-06 21:57:10,560 [INFO] PluginManager:220 - loadIPPluginJar : add stm32_wpan
2025-05-06 21:57:10,561 [INFO] IPUIPlugin:80 - create IPUIPlugin
2025-05-06 21:57:10,562 [INFO] PluginManager:220 - loadIPPluginJar : add tim
2025-05-06 21:57:10,565 [INFO] IPUIPlugin:80 - create IPUIPlugin
2025-05-06 21:57:10,565 [INFO] PluginManager:220 - loadIPPluginJar : add touchsensing
2025-05-06 21:57:10,567 [INFO] IPUIPlugin:80 - create IPUIPlugin
2025-05-06 21:57:10,567 [INFO] PluginManager:220 - loadIPPluginJar : add tracer_emb
2025-05-06 21:57:10,569 [INFO] IPUIPlugin:80 - create IPUIPlugin
2025-05-06 21:57:10,569 [INFO] PluginManager:220 - loadIPPluginJar : add ts
2025-05-06 21:57:10,572 [INFO] IPUIPlugin:80 - create IPUIPlugin
2025-05-06 21:57:10,572 [INFO] PluginManager:220 - loadIPPluginJar : add tsc
2025-05-06 21:57:10,574 [INFO] IPUIPlugin:80 - create IPUIPlugin
2025-05-06 21:57:10,575 [INFO] PluginManager:220 - loadIPPluginJar : add ucpd
2025-05-06 21:57:10,577 [INFO] IPUIPlugin:80 - create IPUIPlugin
2025-05-06 21:57:10,578 [INFO] PluginManager:220 - loadIPPluginJar : add usart
2025-05-06 21:57:10,581 [INFO] IPUIPlugin:80 - create IPUIPlugin
2025-05-06 21:57:10,581 [INFO] PluginManager:220 - loadIPPluginJar : add usbx
2025-05-06 21:57:10,714 [INFO] CADModel:165 - CPN selected for project level
2025-05-06 21:57:10,714 [INFO] CADModel:114 - Register for checkConnection events
2025-05-06 21:57:10,715 [FATAL] Updater:308 - Updater called before beeing initialized
2025-05-06 21:57:10,715 [ERROR] CADModel:125 - Updater not yet initialized, retry later 
2025-05-06 21:57:10,857 [INFO] CADModel:165 - CPN selected for project level
2025-05-06 21:57:10,857 [INFO] CADModel:114 - Register for checkConnection events
2025-05-06 21:57:10,857 [FATAL] Updater:308 - Updater called before beeing initialized
2025-05-06 21:57:10,857 [ERROR] CADModel:125 - Updater not yet initialized, retry later 
2025-05-06 21:57:10,860 [FATAL] Updater:308 - Updater called before beeing initialized
2025-05-06 21:57:10,962 [FATAL] Updater:308 - Updater called before beeing initialized
2025-05-06 21:57:10,965 [INFO] DbMcusAds:53 - JSON generation date=Thu Mar 06 22:54:22 GMT+08:00 2025 (1741272862078)
2025-05-06 21:57:10,965 [FATAL] Updater:308 - Updater called before beeing initialized
2025-05-06 21:57:11,000 [WARN] DetailPanel:346 - Failed to get advertising image, set to default
2025-05-06 21:57:11,092 [FATAL] Updater:308 - Updater called before beeing initialized
2025-05-06 21:57:11,093 [FATAL] Updater:308 - Updater called before beeing initialized
2025-05-06 21:57:11,093 [FATAL] Updater:308 - Updater called before beeing initialized
2025-05-06 21:57:11,093 [WARN] DetailPanel:346 - Failed to get advertising image, set to default
2025-05-06 21:57:11,094 [FATAL] Updater:308 - Updater called before beeing initialized
2025-05-06 21:57:11,142 [ERROR] Updater:1120 - MainUpdater not yet initialized. External WinMGr cannot be set.
2025-05-06 21:57:11,144 [INFO] Updater:1056 - Updater Version found : 6.11.1
2025-05-06 21:57:11,159 [INFO] ApplicationProperties:184 - Using Application install path: D:\software\ICT\STM32CubeIDE_1.15.1\STM32CubeIDE\plugins\com.st.stm32cube.common.mx_6.11.1.202404110753
2025-05-06 21:57:12,739 [ERROR] LogOutputStream:75 - [STDERR_REDIRECT] May 06, 2025 9:57:12 PM java.util.prefs.WindowsPreferences <init>
2025-05-06 21:57:12,741 [ERROR] LogOutputStream:75 - [STDERR_REDIRECT] WARNING: Could not open/create prefs root node Software\JavaSoft\Prefs at root 0xffffffff80000002. Windows RegCreateKeyEx(...) returned error code 5.
2025-05-06 21:57:12,742 [ERROR] LogOutputStream:75 - [STDERR_REDIRECT] 
2025-05-06 21:57:12,973 [INFO] ThirdPartyUpdaterWithRetryManager:70 - Updater plugin not ready yet. [2/15]
2025-05-06 21:57:13,376 [INFO] MainUpdater:2873 - connection check result : 10
2025-05-06 21:57:13,376 [INFO] MainUpdater:290 - Updater Check For Update Now.
2025-05-06 21:57:13,376 [INFO] MicroXplorer:498 - Change Database Version : DB.6.0.111
2025-05-06 21:57:13,383 [INFO] McuFinderGlobals:63 - Set McuFinder mode to 2 (CubeIDE integrated)
2025-05-06 21:57:13,383 [INFO] UserAuth:179 - activating auth plugin
2025-05-06 21:57:13,387 [INFO] UserAuth:415 - Internet connection configuration mode: 1
2025-05-06 21:57:13,409 [INFO] JxBrowserEngine:152 - Initiate JxBrowser Engine with user profile folder
2025-05-06 21:57:13,585 [INFO] CheckServerUpdateThread:120 - End of CheckServer Thread
2025-05-06 21:57:14,188 [INFO] WebApp:161 - Instantiating new browser for Auth
2025-05-06 21:57:15,109 [INFO] WebApp:779 - Register for checkConnection events
2025-05-06 21:57:15,109 [INFO] WebApp:414 - Apply proxy settings
2025-05-06 21:57:15,109 [INFO] WebApp:499 - Chromium requires no authentication
2025-05-06 21:57:15,118 [INFO] WebApp:442 - Direct internet connection detected
2025-05-06 21:57:15,334 [INFO] WebApp:192 - Starting web application
2025-05-06 21:57:15,334 [INFO] WebApp:544 - Web application path used D:\software\ICT\STM32CubeIDE_1.15.1\STM32CubeIDE\plugins\com.st.stm32cube.common.mx_6.11.1.202404110753\db\plugins\mcufinder\reactClient1\index.html
2025-05-06 21:57:16,231 [WARN] PackLoader:240 - Cannot read IP mode file for STMicroelectronics.FP-SNS-MOTENVWB1.1.4.0
2025-05-06 21:57:16,240 [WARN] PackLoader:240 - Cannot read IP mode file for STMicroelectronics.FP-ATR-ASTRA1.2.0.2
2025-05-06 21:57:16,255 [WARN] PackLoader:240 - Cannot read IP mode file for STMicroelectronics.X-CUBE-SMBUS.2.1.0
2025-05-06 21:57:16,264 [WARN] PackLoader:240 - Cannot read IP mode file for STMicroelectronics.X-CUBE-WB05N.1.1.0
2025-05-06 21:57:16,270 [WARN] PackLoader:240 - Cannot read IP mode file for STMicroelectronics.X-CUBE-TOUCHGFX.4.23.2
2025-05-06 21:57:16,312 [WARN] PackLoader:240 - Cannot read IP mode file for STMicroelectronics.X-CUBE-AZRTOS-F7.1.1.0
2025-05-06 21:57:16,326 [WARN] PackLoader:240 - Cannot read IP mode file for STMicroelectronics.FP-SNS-FLIGHT1.5.0.2
2025-05-06 21:57:16,338 [WARN] PackLoader:240 - Cannot read IP mode file for STMicroelectronics.X-CUBE-DISPLAY.3.0.0
2025-05-06 21:57:16,351 [WARN] PackLoader:240 - Cannot read IP mode file for STMicroelectronics.X-CUBE-BLE1.7.0.0
2025-05-06 21:57:16,364 [WARN] PackLoader:240 - Cannot read IP mode file for STMicroelectronics.X-CUBE-NFC10.1.0.0
2025-05-06 21:57:16,382 [WARN] PackLoader:240 - Cannot read IP mode file for STMicroelectronics.X-CUBE-BLEMGR.4.0.0
2025-05-06 21:57:16,396 [WARN] PackLoader:240 - Cannot read IP mode file for emotas.I-CUBE-CANOPEN.1.3.0
2025-05-06 21:57:16,401 [WARN] ConditionMgr:438 - getConditionDescription Invalid condition id : Cortex-A Device cause : null
2025-05-06 21:57:16,413 [WARN] ConditionMgr:1039 - genDependencies : Invalid condition id : Cortex-A Device cause : null
2025-05-06 21:57:16,414 [WARN] ConditionMgr:1039 - genDependencies : Invalid condition id : Cortex-A Device cause : null
2025-05-06 21:57:16,414 [WARN] ConditionMgr:1039 - genDependencies : Invalid condition id : Cortex-A Device cause : null
2025-05-06 21:57:16,423 [WARN] PackLoader:240 - Cannot read IP mode file for STMicroelectronics.X-CUBE-BLEMGR.3.1.0
2025-05-06 21:57:16,431 [WARN] PackLoader:240 - Cannot read IP mode file for STMicroelectronics.X-CUBE-AI.10.0.0
2025-05-06 21:57:16,438 [WARN] PackLoader:240 - Cannot read IP mode file for STMicroelectronics.FP-SNS-SMARTAG2.1.2.0
2025-05-06 21:57:16,442 [ERROR] Engine:466 - C:\Users\30985\.stm32cubemx\thirdparties\pdsc\STMicroelectronics.FP-SNS-FLIGHT1.5.1.0.pdsc: PDSC version is not supported
2025-05-06 21:57:16,540 [WARN] PackLoader:240 - Cannot read IP mode file for STMicroelectronics.X-CUBE-MEMS1.11.1.0
2025-05-06 21:57:16,716 [INFO] LogOutputStream:77 - [STDOUT_REDIRECT] 1 : Invalid condition id : UX_CORESTACK_Condition cause : null
2025-05-06 21:57:16,717 [INFO] LogOutputStream:77 - [STDOUT_REDIRECT] 1 : Invalid condition id : UX_CORESTACK_Condition cause : null
2025-05-06 21:57:16,718 [INFO] LogOutputStream:77 - [STDOUT_REDIRECT] 1 : Invalid condition id : UX_CORESTACK_Condition cause : null
2025-05-06 21:57:16,721 [INFO] LogOutputStream:77 - [STDOUT_REDIRECT] 1 : Invalid condition id : UX_CORESTACK_Condition cause : null
2025-05-06 21:57:16,724 [INFO] LogOutputStream:77 - [STDOUT_REDIRECT] 1 : Invalid condition id : UX_CORESTACK_Condition cause : null
2025-05-06 21:57:16,729 [WARN] PackLoader:240 - Cannot read IP mode file for STMicroelectronics.X-CUBE-AZRTOS-WL.2.0.0
2025-05-06 21:57:16,734 [WARN] PackLoader:240 - Cannot read IP mode file for STMicroelectronics.FP-SNS-MOTENV1.5.0.0
2025-05-06 21:57:16,743 [WARN] PackLoader:240 - Cannot read IP mode file for STMicroelectronics.X-CUBE-BLE2.3.3.0
2025-05-06 21:57:16,750 [WARN] PackLoader:240 - Cannot read IP mode file for STMicroelectronics.X-CUBE-NFC9.1.0.0
2025-05-06 21:57:16,757 [WARN] PackLoader:240 - Cannot read IP mode file for STMicroelectronics.X-CUBE-BLE1.7.1.0
2025-05-06 21:57:16,766 [WARN] PackLoader:240 - Cannot read IP mode file for wolfSSL.I-CUBE-wolfMQTT.1.19.2
2025-05-06 21:57:16,777 [WARN] PackLoader:240 - Cannot read IP mode file for STMicroelectronics.X-CUBE-TCPP.4.1.0
2025-05-06 21:57:16,787 [WARN] PackLoader:240 - Cannot read IP mode file for STMicroelectronics.X-CUBE-ALGOBUILD.1.3.0
2025-05-06 21:57:16,860 [WARN] PackLoader:240 - Cannot read IP mode file for STMicroelectronics.X-CUBE-MEMS1.11.2.0
2025-05-06 21:57:17,001 [WARN] PackLoader:240 - Cannot read IP mode file for STMicroelectronics.X-CUBE-AZRTOS-G0.1.1.0
2025-05-06 21:57:17,007 [WARN] PackLoader:240 - Cannot read IP mode file for STMicroelectronics.X-CUBE-SAFEA1.1.2.2
2025-05-06 21:57:17,014 [WARN] PackLoader:240 - Cannot read IP mode file for STMicroelectronics.X-CUBE-NFC4.3.0.0
2025-05-06 21:57:17,018 [WARN] PackLoader:240 - Cannot read IP mode file for wolfSSL.I-CUBE-wolfMQTT.1.18.0
2025-05-06 21:57:17,028 [WARN] PackLoader:240 - Cannot read IP mode file for EmbeddedOffice.I-CUBE-FS-RTOS.1.0.1
2025-05-06 21:57:17,028 [ERROR] ConditionMgr:805 - Attr not supported : Dmpu
2025-05-06 21:57:17,028 [ERROR] ConditionMgr:805 - Attr not supported : Dmpu
2025-05-06 21:57:17,028 [ERROR] ConditionMgr:805 - Attr not supported : Dmpu
2025-05-06 21:57:17,028 [ERROR] ConditionMgr:805 - Attr not supported : Dmpu
2025-05-06 21:57:17,029 [ERROR] ConditionMgr:805 - Attr not supported : Dmpu
2025-05-06 21:57:17,029 [ERROR] ConditionMgr:805 - Attr not supported : Dmpu
2025-05-06 21:57:17,029 [ERROR] ConditionMgr:805 - Attr not supported : Dmpu
2025-05-06 21:57:17,029 [ERROR] ConditionMgr:805 - Attr not supported : Dmpu
2025-05-06 21:57:17,029 [ERROR] ConditionMgr:805 - Attr not supported : Dmpu
2025-05-06 21:57:17,029 [ERROR] ConditionMgr:805 - Attr not supported : Dmpu
2025-05-06 21:57:17,029 [ERROR] ConditionMgr:805 - Attr not supported : Dmpu
2025-05-06 21:57:17,029 [ERROR] ConditionMgr:805 - Attr not supported : Dmpu
2025-05-06 21:57:17,029 [ERROR] ConditionMgr:805 - Attr not supported : Dmpu
2025-05-06 21:57:17,029 [ERROR] ConditionMgr:805 - Attr not supported : Dmpu
2025-05-06 21:57:17,029 [ERROR] ConditionMgr:805 - Attr not supported : Dmpu
2025-05-06 21:57:17,029 [ERROR] ConditionMgr:805 - Attr not supported : Dmpu
2025-05-06 21:57:17,029 [ERROR] ConditionMgr:805 - Attr not supported : Dmpu
2025-05-06 21:57:17,029 [ERROR] ConditionMgr:805 - Attr not supported : Dmpu
2025-05-06 21:57:17,030 [ERROR] ConditionMgr:805 - Attr not supported : Dmpu
2025-05-06 21:57:17,030 [ERROR] ConditionMgr:805 - Attr not supported : Dmpu
2025-05-06 21:57:17,030 [ERROR] ConditionMgr:805 - Attr not supported : Dmpu
2025-05-06 21:57:17,030 [ERROR] ConditionMgr:805 - Attr not supported : Dmpu
2025-05-06 21:57:17,030 [ERROR] ConditionMgr:805 - Attr not supported : Dmpu
2025-05-06 21:57:17,030 [ERROR] ConditionMgr:805 - Attr not supported : Dmpu
2025-05-06 21:57:17,030 [ERROR] ConditionMgr:805 - Attr not supported : Dmpu
2025-05-06 21:57:17,030 [ERROR] ConditionMgr:805 - Attr not supported : Dmpu
2025-05-06 21:57:17,030 [ERROR] ConditionMgr:805 - Attr not supported : Dmpu
2025-05-06 21:57:17,030 [ERROR] ConditionMgr:805 - Attr not supported : Dmpu
2025-05-06 21:57:17,030 [ERROR] ConditionMgr:805 - Attr not supported : Dmpu
2025-05-06 21:57:17,030 [ERROR] ConditionMgr:805 - Attr not supported : Dmpu
2025-05-06 21:57:17,030 [ERROR] ConditionMgr:805 - Attr not supported : Dmpu
2025-05-06 21:57:17,030 [ERROR] ConditionMgr:805 - Attr not supported : Dmpu
2025-05-06 21:57:17,030 [ERROR] ConditionMgr:805 - Attr not supported : Dmpu
2025-05-06 21:57:17,030 [ERROR] ConditionMgr:805 - Attr not supported : Dmpu
2025-05-06 21:57:17,031 [ERROR] ConditionMgr:805 - Attr not supported : Dmpu
2025-05-06 21:57:17,031 [ERROR] ConditionMgr:805 - Attr not supported : Dmpu
2025-05-06 21:57:17,031 [ERROR] ConditionMgr:805 - Attr not supported : Dmpu
2025-05-06 21:57:17,031 [ERROR] ConditionMgr:805 - Attr not supported : Dmpu
2025-05-06 21:57:17,031 [ERROR] ConditionMgr:805 - Attr not supported : Dmpu
2025-05-06 21:57:17,031 [ERROR] ConditionMgr:805 - Attr not supported : Dmpu
2025-05-06 21:57:17,031 [ERROR] ConditionMgr:805 - Attr not supported : Dmpu
2025-05-06 21:57:17,031 [ERROR] ConditionMgr:805 - Attr not supported : Dmpu
2025-05-06 21:57:17,031 [ERROR] ConditionMgr:805 - Attr not supported : Dmpu
2025-05-06 21:57:17,031 [ERROR] ConditionMgr:805 - Attr not supported : Dmpu
2025-05-06 21:57:17,031 [ERROR] ConditionMgr:805 - Attr not supported : Dmpu
2025-05-06 21:57:17,031 [ERROR] ConditionMgr:805 - Attr not supported : Dmpu
2025-05-06 21:57:17,031 [ERROR] ConditionMgr:805 - Attr not supported : Dmpu
2025-05-06 21:57:17,031 [ERROR] ConditionMgr:805 - Attr not supported : Dmpu
2025-05-06 21:57:17,031 [ERROR] ConditionMgr:805 - Attr not supported : Dmpu
2025-05-06 21:57:17,032 [ERROR] ConditionMgr:805 - Attr not supported : Dmpu
2025-05-06 21:57:17,032 [ERROR] ConditionMgr:805 - Attr not supported : Dmpu
2025-05-06 21:57:17,032 [ERROR] ConditionMgr:805 - Attr not supported : Dmpu
2025-05-06 21:57:17,032 [ERROR] ConditionMgr:805 - Attr not supported : Dmpu
2025-05-06 21:57:17,032 [ERROR] ConditionMgr:805 - Attr not supported : Dmpu
2025-05-06 21:57:17,032 [ERROR] ConditionMgr:805 - Attr not supported : Dmpu
2025-05-06 21:57:17,032 [ERROR] ConditionMgr:805 - Attr not supported : Dmpu
2025-05-06 21:57:17,032 [ERROR] ConditionMgr:805 - Attr not supported : Dmpu
2025-05-06 21:57:17,032 [ERROR] ConditionMgr:805 - Attr not supported : Dmpu
2025-05-06 21:57:17,032 [ERROR] ConditionMgr:805 - Attr not supported : Dmpu
2025-05-06 21:57:17,032 [ERROR] ConditionMgr:805 - Attr not supported : Dmpu
2025-05-06 21:57:17,032 [ERROR] ConditionMgr:805 - Attr not supported : Dmpu
2025-05-06 21:57:17,032 [ERROR] ConditionMgr:805 - Attr not supported : Dmpu
2025-05-06 21:57:17,032 [ERROR] ConditionMgr:805 - Attr not supported : Dmpu
2025-05-06 21:57:17,032 [ERROR] ConditionMgr:805 - Attr not supported : Dmpu
2025-05-06 21:57:17,036 [WARN] PackLoader:240 - Cannot read IP mode file for STMicroelectronics.X-CUBE-WB05N.2.0.0
2025-05-06 21:57:17,040 [WARN] PackLoader:240 - Cannot read IP mode file for wolfSSL.I-CUBE-wolfTPM.3.8.0
2025-05-06 21:57:17,042 [ERROR] Engine:466 - C:\Users\30985\.stm32cubemx\thirdparties\pdsc\STMicroelectronics.X-CUBE-TCPP.4.2.0.pdsc: PDSC version is not supported
2025-05-06 21:57:17,047 [WARN] PackLoader:240 - Cannot read IP mode file for RealThread.X-CUBE-RT-Thread_Nano.4.1.1
2025-05-06 21:57:17,051 [WARN] PackLoader:240 - Cannot read IP mode file for wolfSSL.I-CUBE-wolfSSL.5.7.0
2025-05-06 21:57:17,055 [WARN] PackLoader:240 - Cannot read IP mode file for STMicroelectronics.FP-ATR-SIGFOX1.3.2.0
2025-05-06 21:57:17,060 [WARN] PackLoader:240 - Cannot read IP mode file for STMicroelectronics.X-CUBE-EEPRMA1.5.1.0
2025-05-06 21:57:17,066 [WARN] PackLoader:240 - Cannot read IP mode file for ITTIA_DB.I-CUBE-ITTIADB.8.9.0
2025-05-06 21:57:17,105 [WARN] PackLoader:240 - Cannot read IP mode file for SEGGER.I-CUBE-embOS.1.3.1
2025-05-06 21:57:17,137 [WARN] PackLoader:240 - Cannot read IP mode file for STMicroelectronics.X-CUBE-ALGOBUILD.1.4.0
2025-05-06 21:57:17,143 [WARN] PackLoader:240 - Cannot read IP mode file for STMicroelectronics.X-CUBE-GNSS1.6.0.0
2025-05-06 21:57:17,156 [WARN] PackLoader:240 - Cannot read IP mode file for STMicroelectronics.X-CUBE-AZRTOS-F4.1.1.0
2025-05-06 21:57:17,160 [ERROR] Engine:466 - C:\Users\30985\.stm32cubemx\thirdparties\pdsc\Avnet-IotConnect.X-CUBE-IoTC-DA16k-PMOD.1.0.0.pdsc: PDSC version is not supported
2025-05-06 21:57:17,163 [WARN] PackLoader:240 - Cannot read IP mode file for STMicroelectronics.X-CUBE-ISPU.2.1.0
2025-05-06 21:57:17,169 [WARN] PackLoader:240 - Cannot read IP mode file for STMicroelectronics.X-CUBE-FREERTOS.1.2.0
2025-05-06 21:57:17,181 [WARN] PackLoader:240 - Cannot read IP mode file for STMicroelectronics.X-CUBE-AZRTOS-L5.2.0.0
2025-05-06 21:57:17,189 [WARN] PackLoader:240 - Cannot read IP mode file for STMicroelectronics.X-CUBE-NFC6.3.1.0
2025-05-06 21:57:17,193 [WARN] PackLoader:240 - Cannot read IP mode file for STMicroelectronics.X-CUBE-AI.9.0.0
2025-05-06 21:57:17,197 [WARN] PackLoader:240 - Cannot read IP mode file for STMicroelectronics.X-CUBE-FREERTOS.1.3.0
2025-05-06 21:57:17,201 [WARN] PackLoader:240 - Cannot read IP mode file for STMicroelectronics.X-CUBE-NFC7.1.0.1
2025-05-06 21:57:17,206 [WARN] PackLoader:240 - Cannot read IP mode file for STMicroelectronics.X-CUBE-DPower.1.3.0
2025-05-06 21:57:17,219 [WARN] ConditionMgr:438 - getConditionDescription Invalid condition id : LAN8742 Phy interface Condition cause : null
2025-05-06 21:57:17,220 [WARN] PackLoader:240 - Cannot read IP mode file for STMicroelectronics.X-CUBE-AZRTOS-L4.2.0.0
2025-05-06 21:57:17,220 [WARN] ConditionMgr:1039 - genDependencies : Invalid condition id : LAN8742 Phy interface Condition cause : null
2025-05-06 21:57:17,221 [WARN] ConditionMgr:1039 - genDependencies : Invalid condition id : LAN8742 Phy interface Condition cause : null
2025-05-06 21:57:17,221 [WARN] ConditionMgr:1039 - genDependencies : Invalid condition id : LAN8742 Phy interface Condition cause : null
2025-05-06 21:57:17,235 [WARN] PackLoader:240 - Cannot read IP mode file for STMicroelectronics.X-CUBE-SFXS2LP1.4.0.0
2025-05-06 21:57:17,262 [WARN] PackLoader:240 - Cannot read IP mode file for STMicroelectronics.X-CUBE-AZRTOS-H7.3.3.0
2025-05-06 21:57:17,280 [WARN] ConditionMgr:438 - getConditionDescription Invalid condition id : UX DEVICE CLASS RTOS Condition cause : null
2025-05-06 21:57:17,280 [WARN] ConditionMgr:438 - getConditionDescription Invalid condition id : UX DEVICE CLASS RTOS Condition cause : null
2025-05-06 21:57:17,281 [WARN] PackLoader:240 - Cannot read IP mode file for STMicroelectronics.X-CUBE-AZRTOS-WB.2.0.0
2025-05-06 21:57:17,282 [WARN] ConditionMgr:1039 - genDependencies : Invalid condition id : UX DEVICE CLASS RTOS Condition cause : null
2025-05-06 21:57:17,282 [WARN] ConditionMgr:1039 - genDependencies : Invalid condition id : UX DEVICE CLASS RTOS Condition cause : null
2025-05-06 21:57:17,283 [WARN] ConditionMgr:1039 - genDependencies : Invalid condition id : UX DEVICE CLASS RTOS Condition cause : null
2025-05-06 21:57:17,283 [WARN] ConditionMgr:1039 - genDependencies : Invalid condition id : UX DEVICE CLASS RTOS Condition cause : null
2025-05-06 21:57:17,283 [WARN] ConditionMgr:1039 - genDependencies : Invalid condition id : UX DEVICE CLASS RTOS Condition cause : null
2025-05-06 21:57:17,288 [WARN] PackLoader:240 - Cannot read IP mode file for STMicroelectronics.X-CUBE-GNSS1.7.0.1
2025-05-06 21:57:17,292 [WARN] PackLoader:240 - Cannot read IP mode file for STMicroelectronics.X-CUBE-TOUCHGFX.4.25.0
2025-05-06 21:57:17,300 [WARN] PackLoader:240 - Cannot read IP mode file for STMicroelectronics.FP-SNS-STBOX1.2.0.0
2025-05-06 21:57:17,310 [WARN] PackLoader:240 - Cannot read IP mode file for STMicroelectronics.X-CUBE-SUBG2.5.0.0
2025-05-06 21:57:17,327 [WARN] PackLoader:240 - Cannot read IP mode file for STMicroelectronics.X-CUBE-AZRTOS-H7RS.1.1.0
2025-05-06 21:57:17,340 [WARN] PackLoader:240 - Cannot read IP mode file for STMicroelectronics.X-CUBE-AZRTOS-G4.2.0.0
2025-05-06 21:57:17,345 [WARN] PackLoader:240 - Cannot read IP mode file for wolfSSL.I-CUBE-wolfSSH.1.4.20
2025-05-06 21:57:17,348 [WARN] PackLoader:240 - Cannot read IP mode file for STMicroelectronics.X-CUBE-NFC7.2.0.0
2025-05-06 21:57:17,352 [WARN] PackLoader:240 - Cannot read IP mode file for STMicroelectronics.X-CUBE-ISPU.2.0.0
2025-05-06 21:57:17,358 [ERROR] Engine:466 - C:\Users\30985\.stm32cubemx\thirdparties\pdsc\STMicroelectronics.X-CUBE-IPS.3.1.0.pdsc: PDSC version is not supported
2025-05-06 21:57:17,362 [WARN] PackLoader:240 - Cannot read IP mode file for STMicroelectronics.X-CUBE-ALS.1.0.2
2025-05-06 21:57:17,393 [WARN] PackLoader:240 - Cannot read IP mode file for STMicroelectronics.X-CUBE-MEMS1.10.0.0
2025-05-06 21:57:17,524 [WARN] PackLoader:240 - Cannot read IP mode file for STMicroelectronics.X-CUBE-ALS.1.0.1
2025-05-06 21:57:17,551 [WARN] PackLoader:240 - Cannot read IP mode file for STMicroelectronics.X-CUBE-AZRTOS-H7RS.1.0.0
2025-05-06 21:57:17,557 [WARN] PackLoader:240 - Cannot read IP mode file for STMicroelectronics.FP-ATR-ASTRA1.2.0.0
2025-05-06 21:57:17,568 [WARN] PackLoader:240 - Cannot read IP mode file for STMicroelectronics.X-CUBE-TOF1.3.4.2
2025-05-06 21:57:17,587 [ERROR] Engine:466 - C:\Users\30985\.stm32cubemx\thirdparties\pdsc\STMicroelectronics.X-CUBE-TOF1.3.4.3.pdsc: PDSC version is not supported
2025-05-06 21:57:17,600 [WARN] PackLoader:240 - Cannot read IP mode file for STMicroelectronics.X-CUBE-TOF1.3.4.1
2025-05-06 21:57:17,629 [WARN] PackLoader:240 - Cannot read IP mode file for STMicroelectronics.X-CUBE-AZRTOS-H7.3.2.0
2025-05-06 21:57:17,650 [WARN] PackLoader:240 - Cannot read IP mode file for Infineon.AIROC-Wi-Fi-Bluetooth-STM32.1.6.0
2025-05-06 21:57:17,657 [INFO] ThirdParty:978 - Integrity check success = true
2025-05-06 21:57:17,658 [INFO] IntegrityCheckThread:100 - exiting critical section [integrity check]
2025-05-06 21:57:17,658 [INFO] IntegrityCheckThread:103 - End integrity checks thread
2025-05-06 21:57:22,099 [ERROR] LogOutputStream:75 - [STDERR_REDIRECT] 
2025-05-06 21:57:22,100 [ERROR] LogOutputStream:75 - [STDERR_REDIRECT] 
